TN:
SF:Errors/httpErrors.js
FN:2,(anonymous_0)
FNF:1
FNH:1
FNDA:5,(anonymous_0)
DA:3,5
DA:4,5
DA:5,5
DA:8,1
LF:4
LH:4
BRF:0
BRH:0
end_of_record
TN:
SF:database/models/index.js
FN:21,(anonymous_0)
FN:29,(anonymous_1)
FN:34,(anonymous_2)
FNF:3
FNH:3
FNDA:2,(anonymous_0)
FNDA:1,(anonymous_1)
FNDA:1,(anonymous_2)
DA:3,1
DA:4,1
DA:5,1
DA:6,1
DA:7,1
DA:8,1
DA:9,1
DA:10,1
DA:13,1
DA:14,0
DA:16,1
DA:19,1
DA:22,2
DA:30,1
DA:31,1
DA:34,1
DA:35,1
DA:36,1
DA:40,1
DA:41,1
DA:43,1
LF:21
LH:20
BRDA:8,0,0,1
BRDA:8,0,1,0
BRDA:13,1,0,0
BRDA:13,1,1,1
BRDA:23,2,0,2
BRDA:23,2,1,2
BRDA:23,2,2,1
BRDA:23,2,3,1
BRDA:35,3,0,1
BRDA:35,3,1,0
BRF:10
BRH:7
end_of_record
TN:
SF:database/models/task.js
FN:5,(anonymous_0)
FN:12,(anonymous_1)
FNF:2
FNH:2
FNDA:1,(anonymous_0)
FNDA:1,(anonymous_1)
DA:4,1
DA:5,1
DA:16,1
DA:23,1
LF:4
LH:4
BRF:0
BRH:0
end_of_record
TN:
SF:src/Services/taskService.js
FN:5,(anonymous_0)
FN:12,(anonymous_1)
FN:19,(anonymous_2)
FN:24,(anonymous_3)
FN:34,(anonymous_4)
FN:44,(anonymous_5)
FNF:6
FNH:6
FNDA:3,(anonymous_0)
FNDA:5,(anonymous_1)
FNDA:1,(anonymous_2)
FNDA:2,(anonymous_3)
FNDA:2,(anonymous_4)
FNDA:2,(anonymous_5)
DA:1,1
DA:2,1
DA:5,1
DA:6,3
DA:7,3
DA:8,1
DA:9,2
DA:12,1
DA:13,5
DA:14,5
DA:15,1
DA:16,4
DA:19,1
DA:20,1
DA:21,1
DA:24,1
DA:25,2
DA:26,2
DA:27,1
DA:29,1
DA:30,1
DA:34,1
DA:35,2
DA:36,2
DA:37,1
DA:39,1
DA:44,1
DA:45,2
DA:46,2
DA:47,1
DA:49,1
DA:50,1
DA:55,1
LF:33
LH:33
BRDA:7,0,0,1
BRDA:7,0,1,2
BRDA:13,1,0,1
BRDA:13,1,1,4
BRDA:13,2,0,1
BRDA:13,2,1,3
BRDA:14,3,0,1
BRDA:14,3,1,4
BRDA:26,4,0,1
BRDA:26,4,1,1
BRDA:36,5,0,1
BRDA:36,5,1,1
BRDA:46,6,0,1
BRDA:46,6,1,1
BRF:14
BRH:14
end_of_record
